<?xml version="1.0" encoding="UTF-8"?>
<testsuite name="com.gradlebuild.example.JarTest" tests="2" skipped="0" failures="0" errors="0" timestamp="2021-05-10T09:25:26" hostname="LAPTOP-CQANB9I3" time="0.011">
  <properties/>
  <testcase name="testInvalidMultiply()" classname="com.gradlebuild.example.JarTest" time="0.01"/>
  <testcase name="testMultiply()" classname="com.gradlebuild.example.JarTest" time="0.001"/>
  <system-out><![CDATA[
************************
Running testInvalidMultiply()
************************


************************
*Running testMultiply()*
************************

]]></system-out>
  <system-err><![CDATA[]]></system-err>
</testsuite>
