<?xml version="1.0" encoding="UTF-8"?>
<testsuite name="com.gradlebuild.example.ValidationTest" tests="6" skipped="0" failures="0" errors="0" timestamp="2021-05-10T09:25:26" hostname="LAPTOP-CQANB9I3" time="0.006">
  <properties/>
  <testcase name="testIsValidContactNumberForValid()" classname="com.gradlebuild.example.ValidationTest" time="0.002"/>
  <testcase name="testIsValidContactNumberForNegative()" classname="com.gradlebuild.example.ValidationTest" time="0.001"/>
  <testcase name="testIsPrimeNumberValid()" classname="com.gradlebuild.example.ValidationTest" time="0.0"/>
  <testcase name="testIsPrimeNumberForNegativeValue()" classname="com.gradlebuild.example.ValidationTest" time="0.0"/>
  <testcase name="testIsPrimeNumberInValid()" classname="com.gradlebuild.example.ValidationTest" time="0.0"/>
  <testcase name="testIsValidContactNumberForNull()" classname="com.gradlebuild.example.ValidationTest" time="0.001"/>
  <system-out><![CDATA[]]></system-out>
  <system-err><![CDATA[]]></system-err>
</testsuite>
